Flow report for quartus_compile
Thu Feb 29 17:17:26 2024
Quartus Prime Version 21.1.0 Build 169 03/24/2021 Patches 0.36 SC Pro Edition


---------------------
; Table of Contents ;
---------------------
  1. Parallel Compilation
  2. Legal Notice
  3. Flow Summary
  4. Flow Settings
  5. Flow Non-Default Global Settings
  6. Flow Elapsed Time
  7. Flow OS Summary
  8. Flow Log



+-------------------------------------+
; Parallel Compilation                ;
+----------------------------+--------+
; Processors                 ; Number ;
+----------------------------+--------+
; Number detected on machine ; 64     ;
; Maximum allowed            ; 16     ;
+----------------------------+--------+


----------------
; Legal Notice ;
----------------
Copyright (C) 2021  Intel Corporation. All rights reserved.
Your use of Intel Corporation's design tools, logic functions 
and other software and tools, and any partner logic 
functions, and any output files from any of the foregoing 
(including device programming or simulation files), and any 
associated documentation or information are expressly subject 
to the terms and conditions of the Intel Program License 
Subscription Agreement, the Intel Quartus Prime License Agreement,
the Intel FPGA IP License Agreement, or other applicable license
agreement, including, without limitation, that your use is for
the sole purpose of programming logic devices manufactured by
Intel and sold by Intel or its authorized distributors.  Please
refer to the applicable agreement for further details, at
https://fpgasoftware.intel.com/eula.



+-------------------------------------------------------------------------------------------+
; Flow Summary                                                                              ;
+---------------------------------+---------------------------------------------------------+
; Flow Status                     ; Successful - Thu Feb 29 17:17:01 2024                   ;
; Quartus Prime Version           ; 21.1.0 Build 169 03/24/2021 Patches 0.36 SC Pro Edition ;
; Revision Name                   ; quartus_compile                                         ;
; Top-level Entity Name           ; quartus_compile                                         ;
; Family                          ; Stratix 10                                              ;
; Device                          ; 1ST110EN1F43E1VG                                        ;
; Timing Models                   ; Final                                                   ;
; Power Models                    ; Final                                                   ;
; Device Status                   ; Final                                                   ;
; Logic utilization (in ALMs)     ; 5,138 / 449,280 ( 1 % )                                 ;
; Total dedicated logic registers ; 12948                                                   ;
; Total pins                      ; 0 / 666 ( 0 % )                                         ;
; Total block memory bits         ; 339,008 / 111,841,280 ( < 1 % )                         ;
; Total RAM Blocks                ; 30 / 5,461 ( < 1 % )                                    ;
; Total DSP Blocks                ; 2 / 2,592 ( < 1 % )                                     ;
; Total HSSI RX channels          ; 0 / 24 ( 0 % )                                          ;
; Total HSSI TX channels          ; 0 / 24 ( 0 % )                                          ;
; Total HSSI E-Tile Channels      ; 0 / 24 ( 0 % )                                          ;
; Total HSSI HPS                  ; 0 / 1 ( 0 % )                                           ;
; Total HSSI EHIPs                ; 0 / 5 ( 0 % )                                           ;
; Total PLLs                      ; 0 / 56 ( 0 % )                                          ;
+---------------------------------+---------------------------------------------------------+


+-----------------------------------------+
; Flow Settings                           ;
+-------------------+---------------------+
; Option            ; Setting             ;
+-------------------+---------------------+
; Start date & time ; 02/29/2024 17:11:37 ;
; Main task         ; Compilation         ;
; Revision Name     ; quartus_compile     ;
+-------------------+---------------------+


+-------------------------------------------------------------------------------------------------------------------+
; Flow Non-Default Global Settings                                                                                  ;
+------------------------+-----------------------------------------------+---------------+-------------+------------+
; Assignment Name        ; Value                                         ; Default Value ; Entity Name ; Section Id ;
+------------------------+-----------------------------------------------+---------------+-------------+------------+
; COMPILER_SIGNATURE_ID  ; 132681275706147.170924829760673               ; --            ; --          ; --         ;
; FLOW_DISABLE_ASSEMBLER ; On                                            ; Off           ; --          ; --         ;
; MISC_FILE              ; ../components/atax/atax/atax.cmp              ; --            ; --          ; --         ;
; MISC_FILE              ; ../components/atax/atax/../atax.ip            ; --            ; --          ; --         ;
; POST_FLOW_SCRIPT_FILE  ; quartus_sh:generate_report.tcl                ; --            ; --          ; --         ;
; SLD_INFO               ; QSYS_NAME atax HAS_SOPCINFO 1 GENERATION_ID 0 ; --            ; atax        ; --         ;
; SOPCINFO_FILE          ; ../components/atax/atax/atax.sopcinfo         ; --            ; --          ; --         ;
+------------------------+-----------------------------------------------+---------------+-------------+------------+


+------------------------------------------------------+
; Flow Elapsed Time                                    ;
+-----------------+--------------+---------------------+
; Module Name     ; Elapsed Time ; Peak Virtual Memory ;
+-----------------+--------------+---------------------+
; Synthesis       ; 00:00:35     ; 2342 MB             ;
; Fitter          ; 00:04:46     ; 13880 MB            ;
; Timing Analyzer ; 00:00:20     ; 5299 MB             ;
; Total           ; 00:05:41     ; --                  ;
+-----------------+--------------+---------------------+


+--------------------------------------------------------------------------------+
; Flow OS Summary                                                                ;
+-----------------+----------------------+---------+------------+----------------+
; Module Name     ; Machine Hostname     ; OS Name ; OS Version ; Processor type ;
+-----------------+----------------------+---------+------------+----------------+
; Synthesis       ; yoshi.ece.utexas.edu ; Red Hat ; 8          ; x86_64         ;
; Fitter          ; yoshi.ece.utexas.edu ; Red Hat ; 8          ; x86_64         ;
; Timing Analyzer ; yoshi.ece.utexas.edu ; Red Hat ; 8          ; x86_64         ;
+-----------------+----------------------+---------+------------+----------------+


------------
; Flow Log ;
------------
quartus_syn --read_settings_files=on --write_settings_files=off quartus_compile -c quartus_compile
quartus_fit --read_settings_files=on --write_settings_files=off quartus_compile -c quartus_compile
quartus_sta quartus_compile -c quartus_compile --mode=finalize



