Design Assistant report for quartus_compile
Thu Feb 29 17:12:13 2024
Quartus Prime Version 21.1.0 Build 169 03/24/2021 Patches 0.36 SC Pro Edition


---------------------
; Table of Contents ;
---------------------
  1. Legal Notice
  2. Design Assistant (Elaborated) Results - 1 of 8 Rules Failed
  3. RES-10204 - Reset Release Instance Count Check
  4. RES-10202 - Register Power-Up Settings Conflict with Device Settings
  5. FLP-10100 - Large Multipliers are Decomposed
  6. RES-10201 - Power Up Don't Care Setting May Prevent Retiming
  7. RES-50005 - RAM Control Signals Driven by Flip-Flops with Asynchronous Clears
  8. TMC-10115 - High Fan-out Signal
  9. TMC-20050 - RAM Control Signals Driven by LUTs or ALMs instead of DFFs
 10. TMC-20051 - RAM Control Signals Driven by High Fan-Out Net



----------------
; Legal Notice ;
----------------
Copyright (C) 2021  Intel Corporation. All rights reserved.
Your use of Intel Corporation's design tools, logic functions 
and other software and tools, and any partner logic 
functions, and any output files from any of the foregoing 
(including device programming or simulation files), and any 
associated documentation or information are expressly subject 
to the terms and conditions of the Intel Program License 
Subscription Agreement, the Intel Quartus Prime License Agreement,
the Intel FPGA IP License Agreement, or other applicable license
agreement, including, without limitation, that your use is for
the sole purpose of programming logic devices manufactured by
Intel and sold by Intel or its authorized distributors.  Please
refer to the applicable agreement for further details, at
https://fpgasoftware.intel.com/eula.



+---------------------------------------------------------------------------------------------------------------------------------------+
; Design Assistant (Elaborated) Results - 1 of 8 Rules Failed                                                                           ;
+-------------------------------------------------------------------------------+----------+------------+--------+----------------------+
; Rule                                                                          ; Severity ; Violations ; Waived ; Tags                 ;
+-------------------------------------------------------------------------------+----------+------------+--------+----------------------+
; RES-10204 - Reset Release Instance Count Check                                ; High     ; 1          ; 0      ; system               ;
; RES-10202 - Register Power-Up Settings Conflict with Device Settings          ; High     ; 0          ; 0      ; reset-usage          ;
; FLP-10100 - Large Multipliers are Decomposed                                  ; Low      ; 0          ; 0      ; dsp, synthesis       ;
; RES-10201 - Power Up Don't Care Setting May Prevent Retiming                  ; Low      ; 0          ; 0      ; reset-usage, retime  ;
; RES-50005 - RAM Control Signals Driven by Flip-Flops with Asynchronous Clears ; Low      ; 0          ; 0      ; ram, reset-usage     ;
; TMC-10115 - High Fan-out Signal                                               ; Low      ; 0          ; 0      ; register-duplication ;
; TMC-20050 - RAM Control Signals Driven by LUTs or ALMs instead of DFFs        ; Low      ; 0          ; 0      ; ram                  ;
; TMC-20051 - RAM Control Signals Driven by High Fan-Out Net                    ; Low      ; 0          ; 0      ; ram                  ;
+-------------------------------------------------------------------------------+----------+------------+--------+----------------------+


Status:		FAIL
Severity:		High
Number of violations: 	1
Rule Parameters:      	max_violations = 5000
+-------------------------------------------------------------------------------+
; RES-10204 - Reset Release Instance Count Check                                ;
+-------+--------------------------------------------------------------+--------+
; Count ; Path                                                         ; Waived ;
+-------+--------------------------------------------------------------+--------+
; 0     ; No reset release IP detected in project, exactly 1 required. ;        ;
+-------+--------------------------------------------------------------+--------+


Status:		PASS
Severity:		High
Number of violations: 	0
Rule Parameters:      	max_violations = 5000
+----------------------------------------------------------------------+
; RES-10202 - Register Power-Up Settings Conflict with Device Settings ;
+----------------------------------------------------------------------+


Status:		PASS
Severity:		Low
Number of violations: 	0
Rule Parameters:      	max_violations = 5000
+----------------------------------------------+
; FLP-10100 - Large Multipliers are Decomposed ;
+----------------------------------------------+


Status:		PASS
Severity:		Low
Number of violations: 	0
Rule Parameters:      	max_violations = 5000
+--------------------------------------------------------------+
; RES-10201 - Power Up Don't Care Setting May Prevent Retiming ;
+--------------------------------------------------------------+


Status:		PASS
Severity:		Low
Number of violations: 	0
Rule Parameters:      	max_violations = 5000
+-------------------------------------------------------------------------------+
; RES-50005 - RAM Control Signals Driven by Flip-Flops with Asynchronous Clears ;
+-------------------------------------------------------------------------------+


Status:		PASS
Severity:		Low
Number of violations: 	0
Rule Parameters:      	max_violations = 5000
		fanout = 50000
		driver_name_filter = ""
+---------------------------------+
; TMC-10115 - High Fan-out Signal ;
+---------------------------------+


Status:		PASS
Severity:		Low
Number of violations: 	0
Rule Parameters:      	max_violations = 5000
+------------------------------------------------------------------------+
; TMC-20050 - RAM Control Signals Driven by LUTs or ALMs instead of DFFs ;
+------------------------------------------------------------------------+


Status:		PASS
Severity:		Low
Number of violations: 	0
Rule Parameters:      	max_violations = 5000
		RAM_Inference_HFN_Threshold = 2000
+------------------------------------------------------------+
; TMC-20051 - RAM Control Signals Driven by High Fan-Out Net ;
+------------------------------------------------------------+


